-------------------------------------------------------------------------------
Test set: com.msvvdv.bomoviescore.BoMoviesCoreApplicationTests
-------------------------------------------------------------------------------
Tests run: 1, Failures: 0, Errors: 1, Skipped: 0, Time elapsed: 0.369 s <<< FAILURE! - in com.msvvdv.bomoviescore.BoMoviesCoreApplicationTests
initializationError(com.msvvdv.bomoviescore.BoMoviesCoreApplicationTests)  Time elapsed: 0.007 s  <<< ERROR!
java.lang.IllegalStateException: Unable to find a @SpringBootConfiguration, you need to use @ContextConfiguration or @SpringBootTest(classes=...) with your test

