<?xml version="1.0" encoding="UTF-8"?>
<testsuite xmlns:xsi="http://www.w3.org/2001/XMLSchema-instance" xsi:noNamespaceSchemaLocation="https://maven.apache.org/surefire/maven-surefire-plugin/xsd/surefire-test-report.xsd" name="com.msvvdv.bomoviescore.BoMoviesCoreApplicationTests" time="0.369" tests="1" errors="1" skipped="0" failures="0">
  <properties>
[...]
</properties>
  <testcase name="initializationError" classname="com.msvvdv.bomoviescore.BoMoviesCoreApplicationTests" time="0.007">
    <error message="Unable to find a @SpringBootConfiguration, you need to use @ContextConfiguration or @SpringBootTest(classes=...) with your test" type="java.lang.IllegalStateException">java.lang.IllegalStateException: Unable to find a @SpringBootConfiguration, you need to use @ContextConfiguration or @SpringBootTest(classes=...) with your test
</error>
    <system-out><![CDATA[21:18:20.926 [main] DEBUG org.springframework.test.context.junit4.SpringJUnit4ClassRunner - SpringJUnit4ClassRunner constructor called with [class com.msvvdv.bomoviescore.BoMoviesCoreApplicationTests]
21:18:20.931 [main] DEBUG org.springframework.test.context.BootstrapUtils - Instantiating CacheAwareContextLoaderDelegate from class [org.springframework.test.context.cache.DefaultCacheAwareContextLoaderDelegate]
21:18:20.936 [main] DEBUG org.springframework.test.context.BootstrapUtils - Instantiating BootstrapContext using constructor [public org.springframework.test.context.support.DefaultBootstrapContext(java.lang.Class,org.springframework.test.context.CacheAwareContextLoaderDelegate)]
21:18:20.952 [main] DEBUG org.springframework.test.context.BootstrapUtils - Instantiating TestContextBootstrapper for test class [com.msvvdv.bomoviescore.BoMoviesCoreApplicationTests] from class [org.springframework.boot.test.context.SpringBootTestContextBootstrapper]
21:18:20.961 [main] INFO org.springframework.boot.test.context.SpringBootTestContextBootstrapper - Neither @ContextConfiguration nor @ContextHierarchy found for test class [com.msvvdv.bomoviescore.BoMoviesCoreApplicationTests], using SpringBootContextLoader
21:18:20.964 [main] DEBUG org.springframework.test.context.support.AbstractContextLoader - Did not detect default resource location for test class [com.msvvdv.bomoviescore.BoMoviesCoreApplicationTests]: class path resource [com/msvvdv/bomoviescore/BoMoviesCoreApplicationTests-context.xml] does not exist
21:18:20.964 [main] DEBUG org.springframework.test.context.support.AbstractContextLoader - Did not detect default resource location for test class [com.msvvdv.bomoviescore.BoMoviesCoreApplicationTests]: class path resource [com/msvvdv/bomoviescore/BoMoviesCoreApplicationTestsContext.groovy] does not exist
21:18:20.965 [main] INFO org.springframework.test.context.support.AbstractContextLoader - Could not detect default resource locations for test class [com.msvvdv.bomoviescore.BoMoviesCoreApplicationTests]: no resource found for suffixes {-context.xml, Context.groovy}.
21:18:20.965 [main] INFO org.springframework.test.context.support.AnnotationConfigContextLoaderUtils - Could not detect default configuration classes for test class [com.msvvdv.bomoviescore.BoMoviesCoreApplicationTests]: BoMoviesCoreApplicationTests does not declare any static, non-private, non-final, nested classes annotated with @Configuration.
21:18:20.997 [main] DEBUG org.springframework.test.context.support.ActiveProfilesUtils - Could not find an 'annotation declaring class' for annotation type [org.springframework.test.context.ActiveProfiles] and class [com.msvvdv.bomoviescore.BoMoviesCoreApplicationTests]
21:18:21.003 [main] DEBUG org.springframework.core.env.StandardEnvironment - Adding PropertySource 'systemProperties' with lowest search precedence
21:18:21.003 [main] DEBUG org.springframework.core.env.StandardEnvironment - Adding PropertySource 'systemEnvironment' with lowest search precedence
21:18:21.003 [main] DEBUG org.springframework.core.env.StandardEnvironment - Initialized StandardEnvironment with PropertySources [MapPropertySource@2034182655 {name='systemProperties', properties={sun.desktop=gnome, awt.toolkit=sun.awt.X11.XToolkit, java.specification.version=10, file.encoding.pkg=sun.io, sun.cpu.isalist=, sun.jnu.encoding=UTF-8, java.class.path=/opt/idea-IU-181.4203.550/workspace/bo-movies/bo-movies-core/target/test-classes:/opt/idea-IU-181.4203.550/workspace/bo-movies/bo-movies-core/target/classes:/home/felipe/.m2/repository/org/projectlombok/lombok/1.18.2/lombok-1.18.2.jar:/home/felipe/.m2/repository/org/springframework/boot/spring-boot-starter/2.0.4.RELEASE/spring-boot-starter-2.0.4.RELEASE.jar:/home/felipe/.m2/repository/org/springframework/boot/spring-boot/2.0.4.RELEASE/spring-boot-2.0.4.RELEASE.jar:/home/felipe/.m2/repository/org/springframework/spring-context/5.0.8.RELEASE/spring-context-5.0.8.RELEASE.jar:/home/felipe/.m2/repository/org/springframework/spring-aop/5.0.8.RELEASE/spring-aop-5.0.8.RELEASE.jar:/home/felipe/.m2/repository/org/springframework/boot/spring-boot-autoconfigure/2.0.4.RELEASE/spring-boot-autoconfigure-2.0.4.RELEASE.jar:/home/felipe/.m2/repository/org/springframework/boot/spring-boot-starter-logging/2.0.4.RELEASE/spring-boot-starter-logging-2.0.4.RELEASE.jar:/home/felipe/.m2/repository/ch/qos/logback/logback-classic/1.2.3/logback-classic-1.2.3.jar:/home/felipe/.m2/repository/ch/qos/logback/logback-core/1.2.3/logback-core-1.2.3.jar:/home/felipe/.m2/repository/org/apache/logging/log4j/log4j-to-slf4j/2.10.0/log4j-to-slf4j-2.10.0.jar:/home/felipe/.m2/repository/org/apache/logging/log4j/log4j-api/2.10.0/log4j-api-2.10.0.jar:/home/felipe/.m2/repository/org/slf4j/jul-to-slf4j/1.7.25/jul-to-slf4j-1.7.25.jar:/home/felipe/.m2/repository/javax/annotation/javax.annotation-api/1.3.2/javax.annotation-api-1.3.2.jar:/home/felipe/.m2/repository/org/springframework/spring-core/5.0.8.RELEASE/spring-core-5.0.8.RELEASE.jar:/home/felipe/.m2/repository/org/springframework/spring-jcl/5.0.8.RELEASE/spring-jcl-5.0.8.RELEASE.jar:/home/felipe/.m2/repository/org/yaml/snakeyaml/1.19/snakeyaml-1.19.jar:/home/felipe/.m2/repository/org/springframework/boot/spring-boot-starter-test/2.0.4.RELEASE/spring-boot-starter-test-2.0.4.RELEASE.jar:/home/felipe/.m2/repository/org/springframework/boot/spring-boot-test/2.0.4.RELEASE/spring-boot-test-2.0.4.RELEASE.jar:/home/felipe/.m2/repository/org/springframework/boot/spring-boot-test-autoconfigure/2.0.4.RELEASE/spring-boot-test-autoconfigure-2.0.4.RELEASE.jar:/home/felipe/.m2/repository/com/jayway/jsonpath/json-path/2.4.0/json-path-2.4.0.jar:/home/felipe/.m2/repository/net/minidev/json-smart/2.3/json-smart-2.3.jar:/home/felipe/.m2/repository/net/minidev/accessors-smart/1.2/accessors-smart-1.2.jar:/home/felipe/.m2/repository/org/ow2/asm/asm/5.0.4/asm-5.0.4.jar:/home/felipe/.m2/repository/junit/junit/4.12/junit-4.12.jar:/home/felipe/.m2/repository/org/assertj/assertj-core/3.9.1/assertj-core-3.9.1.jar:/home/felipe/.m2/repository/org/mockito/mockito-core/2.15.0/mockito-core-2.15.0.jar:/home/felipe/.m2/repository/net/bytebuddy/byte-buddy/1.7.11/byte-buddy-1.7.11.jar:/home/felipe/.m2/repository/net/bytebuddy/byte-buddy-agent/1.7.11/byte-buddy-agent-1.7.11.jar:/home/felipe/.m2/repository/org/objenesis/objenesis/2.6/objenesis-2.6.jar:/home/felipe/.m2/repository/org/hamcrest/hamcrest-core/1.3/hamcrest-core-1.3.jar:/home/felipe/.m2/repository/org/hamcrest/hamcrest-library/1.3/hamcrest-library-1.3.jar:/home/felipe/.m2/repository/org/skyscreamer/jsonassert/1.5.0/jsonassert-1.5.0.jar:/home/felipe/.m2/repository/com/vaadin/external/google/android-json/0.0.20131108.vaadin1/android-json-0.0.20131108.vaadin1.jar:/home/felipe/.m2/repository/org/springframework/spring-test/5.0.8.RELEASE/spring-test-5.0.8.RELEASE.jar:/home/felipe/.m2/repository/org/xmlunit/xmlunit-core/2.5.1/xmlunit-core-2.5.1.jar:/home/felipe/.m2/repository/org/springframework/boot/spring-boot-starter-data-mongodb/2.0.4.RELEASE/spring-boot-starter-data-mongodb-2.0.4.RELEASE.jar:/home/felipe/.m2/repository/org/mongodb/mongodb-driver/3.6.4/mongodb-driver-3.6.4.jar:/home/felipe/.m2/repository/org/mongodb/bson/3.6.4/bson-3.6.4.jar:/home/felipe/.m2/repository/org/mongodb/mongodb-driver-core/3.6.4/mongodb-driver-core-3.6.4.jar:/home/felipe/.m2/repository/org/springframework/data/spring-data-mongodb/2.0.9.RELEASE/spring-data-mongodb-2.0.9.RELEASE.jar:/home/felipe/.m2/repository/org/springframework/spring-tx/5.0.8.RELEASE/spring-tx-5.0.8.RELEASE.jar:/home/felipe/.m2/repository/org/springframework/spring-beans/5.0.8.RELEASE/spring-beans-5.0.8.RELEASE.jar:/home/felipe/.m2/repository/org/springframework/spring-expression/5.0.8.RELEASE/spring-expression-5.0.8.RELEASE.jar:/home/felipe/.m2/repository/org/springframework/data/spring-data-commons/2.0.9.RELEASE/spring-data-commons-2.0.9.RELEASE.jar:/home/felipe/.m2/repository/org/springframework/boot/spring-boot-starter-actuator/2.0.4.RELEASE/spring-boot-starter-actuator-2.0.4.RELEASE.jar:/home/felipe/.m2/repository/org/springframework/boot/spring-boot-actuator-autoconfigure/2.0.4.RELEASE/spring-boot-actuator-autoconfigure-2.0.4.RELEASE.jar:/home/felipe/.m2/repository/org/springframework/boot/spring-boot-actuator/2.0.4.RELEASE/spring-boot-actuator-2.0.4.RELEASE.jar:/home/felipe/.m2/repository/com/fasterxml/jackson/core/jackson-databind/2.9.6/jackson-databind-2.9.6.jar:/home/felipe/.m2/repository/com/fasterxml/jackson/datatype/jackson-datatype-jsr310/2.9.6/jackson-datatype-jsr310-2.9.6.jar:/home/felipe/.m2/repository/io/micrometer/micrometer-core/1.0.6/micrometer-core-1.0.6.jar:/home/felipe/.m2/repository/org/hdrhistogram/HdrHistogram/2.1.10/HdrHistogram-2.1.10.jar:/home/felipe/.m2/repository/org/latencyutils/LatencyUtils/2.0.3/LatencyUtils-2.0.3.jar:/home/felipe/.m2/repository/org/springframework/boot/spring-boot-devtools/2.0.4.RELEASE/spring-boot-devtools-2.0.4.RELEASE.jar:/home/felipe/.m2/repository/org/springframework/cloud/spring-cloud-starter-netflix-eureka-client/2.0.1.RELEASE/spring-cloud-starter-netflix-eureka-client-2.0.1.RELEASE.jar:/home/felipe/.m2/repository/org/springframework/cloud/spring-cloud-netflix-core/2.0.1.RELEASE/spring-cloud-netflix-core-2.0.1.RELEASE.jar:/home/felipe/.m2/repository/org/springframework/boot/spring-boot-starter-aop/2.0.4.RELEASE/spring-boot-starter-aop-2.0.4.RELEASE.jar:/home/felipe/.m2/repository/org/aspectj/aspectjweaver/1.8.13/aspectjweaver-1.8.13.jar:/home/felipe/.m2/repository/org/springframework/cloud/spring-cloud-netflix-eureka-client/2.0.1.RELEASE/spring-cloud-netflix-eureka-client-2.0.1.RELEASE.jar:/home/felipe/.m2/repository/com/netflix/eureka/eureka-client/1.9.3/eureka-client-1.9.3.jar:/home/felipe/.m2/repository/org/codehaus/jettison/jettison/1.3.7/jettison-1.3.7.jar:/home/felipe/.m2/repository/stax/stax-api/1.0.1/stax-api-1.0.1.jar:/home/felipe/.m2/repository/com/netflix/netflix-commons/netflix-eventbus/0.3.0/netflix-eventbus-0.3.0.jar:/home/felipe/.m2/repository/com/netflix/netflix-commons/netflix-infix/0.3.0/netflix-infix-0.3.0.jar:/home/felipe/.m2/repository/commons-jxpath/commons-jxpath/1.3/commons-jxpath-1.3.jar:/home/felipe/.m2/repository/joda-time/joda-time/2.9.9/joda-time-2.9.9.jar:/home/felipe/.m2/repository/org/antlr/antlr-runtime/3.4/antlr-runtime-3.4.jar:/home/felipe/.m2/repository/org/antlr/stringtemplate/3.2.1/stringtemplate-3.2.1.jar:/home/felipe/.m2/repository/antlr/antlr/2.7.7/antlr-2.7.7.jar:/home/felipe/.m2/repository/com/google/code/gson/gson/2.8.5/gson-2.8.5.jar:/home/felipe/.m2/repository/org/apache/commons/commons-math/2.2/commons-math-2.2.jar:/home/felipe/.m2/repository/com/netflix/archaius/archaius-core/0.7.6/archaius-core-0.7.6.jar:/home/felipe/.m2/repository/com/google/guava/guava/16.0/guava-16.0.jar:/home/felipe/.m2/repository/javax/ws/rs/jsr311-api/1.1.1/jsr311-api-1.1.1.jar:/home/felipe/.m2/repository/com/netflix/servo/servo-core/0.12.21/servo-core-0.12.21.jar:/home/felipe/.m2/repository/com/sun/jersey/jersey-core/1.19.1/jersey-core-1.19.1.jar:/home/felipe/.m2/repository/com/sun/jersey/jersey-client/1.19.1/jersey-client-1.19.1.jar:/home/felipe/.m2/repository/com/sun/jersey/contribs/jersey-apache-client4/1.19.1/jersey-apache-client4-1.19.1.jar:/home/felipe/.m2/repository/org/apache/httpcomponents/httpclient/4.5.6/httpclient-4.5.6.jar:/home/felipe/.m2/repository/org/apache/httpcomponents/httpcore/4.4.10/httpcore-4.4.10.jar:/home/felipe/.m2/repository/commons-codec/commons-codec/1.11/commons-codec-1.11.jar:/home/felipe/.m2/repository/com/google/inject/guice/4.1.0/guice-4.1.0.jar:/home/felipe/.m2/repository/javax/inject/javax.inject/1/javax.inject-1.jar:/home/felipe/.m2/repository/aopalliance/aopalliance/1.0/aopalliance-1.0.jar:/home/felipe/.m2/repository/com/github/vlsi/compactmap/compactmap/1.2.1/compactmap-1.2.1.jar:/home/felipe/.m2/repository/com/github/andrewoma/dexx/dexx-collections/0.2/dexx-collections-0.2.jar:/home/felipe/.m2/repository/com/fasterxml/jackson/core/jackson-annotations/2.9.0/jackson-annotations-2.9.0.jar:/home/felipe/.m2/repository/com/fasterxml/jackson/core/jackson-core/2.9.6/jackson-core-2.9.6.jar:/home/felipe/.m2/repository/com/netflix/eureka/eureka-core/1.9.3/eureka-core-1.9.3.jar:/home/felipe/.m2/repository/org/codehaus/woodstox/woodstox-core-asl/4.4.1/woodstox-core-asl-4.4.1.jar:/home/felipe/.m2/repository/javax/xml/stream/stax-api/1.0-2/stax-api-1.0-2.jar:/home/felipe/.m2/repository/org/codehaus/woodstox/stax2-api/3.1.4/stax2-api-3.1.4.jar:/home/felipe/.m2/repository/org/springframework/cloud/spring-cloud-starter-netflix-archaius/2.0.1.RELEASE/spring-cloud-starter-netflix-archaius-2.0.1.RELEASE.jar:/home/felipe/.m2/repository/org/springframework/cloud/spring-cloud-netflix-ribbon/2.0.1.RELEASE/spring-cloud-netflix-ribbon-2.0.1.RELEASE.jar:/home/felipe/.m2/repository/org/springframework/cloud/spring-cloud-netflix-archaius/2.0.1.RELEASE/spring-cloud-netflix-archaius-2.0.1.RELEASE.jar:/home/felipe/.m2/repository/commons-configuration/commons-configuration/1.8/commons-configuration-1.8.jar:/home/felipe/.m2/repository/commons-lang/commons-lang/2.6/commons-lang-2.6.jar:/home/felipe/.m2/repository/org/springframework/cloud/spring-cloud-starter-netflix-ribbon/2.0.1.RELEASE/spring-cloud-starter-netflix-ribbon-2.0.1.RELEASE.jar:/home/felipe/.m2/repository/com/netflix/ribbon/ribbon/2.2.5/ribbon-2.2.5.jar:/home/felipe/.m2/repository/com/netflix/ribbon/ribbon-transport/2.2.5/ribbon-transport-2.2.5.jar:/home/felipe/.m2/repository/io/reactivex/rxnetty-contexts/0.4.9/rxnetty-contexts-0.4.9.jar:/home/felipe/.m2/repository/io/reactivex/rxnetty-servo/0.4.9/rxnetty-servo-0.4.9.jar:/home/felipe/.m2/repository/com/netflix/hystrix/hystrix-core/1.5.12/hystrix-core-1.5.12.jar:/home/felipe/.m2/repository/io/reactivex/rxnetty/0.4.9/rxnetty-0.4.9.jar:/home/felipe/.m2/repository/io/netty/netty-codec-http/4.1.27.Final/netty-codec-http-4.1.27.Final.jar:/home/felipe/.m2/repository/io/netty/netty-codec/4.1.27.Final/netty-codec-4.1.27.Final.jar:/home/felipe/.m2/repository/io/netty/netty-transport-native-epoll/4.1.27.Final/netty-transport-native-epoll-4.1.27.Final.jar:/home/felipe/.m2/repository/io/netty/netty-common/4.1.27.Final/netty-common-4.1.27.Final.jar:/home/felipe/.m2/repository/io/netty/netty-buffer/4.1.27.Final/netty-buffer-4.1.27.Final.jar:/home/felipe/.m2/repository/io/netty/netty-transport-native-unix-common/4.1.27.Final/netty-transport-native-unix-common-4.1.27.Final.jar:/home/felipe/.m2/repository/io/netty/netty-transport/4.1.27.Final/netty-transport-4.1.27.Final.jar:/home/felipe/.m2/repository/io/netty/netty-resolver/4.1.27.Final/netty-resolver-4.1.27.Final.jar:/home/felipe/.m2/repository/com/netflix/ribbon/ribbon-core/2.2.5/ribbon-core-2.2.5.jar:/home/felipe/.m2/repository/com/netflix/ribbon/ribbon-httpclient/2.2.5/ribbon-httpclient-2.2.5.jar:/home/felipe/.m2/repository/com/netflix/netflix-commons/netflix-commons-util/0.3.0/netflix-commons-util-0.3.0.jar:/home/felipe/.m2/repository/com/netflix/ribbon/ribbon-loadbalancer/2.2.5/ribbon-loadbalancer-2.2.5.jar:/home/felipe/.m2/repository/com/netflix/netflix-commons/netflix-statistics/0.1.1/netflix-statistics-0.1.1.jar:/home/felipe/.m2/repository/io/reactivex/rxjava/1.3.8/rxjava-1.3.8.jar:/home/felipe/.m2/repository/com/netflix/ribbon/ribbon-eureka/2.2.5/ribbon-eureka-2.2.5.jar:/home/felipe/.m2/repository/com/thoughtworks/xstream/xstream/1.4.10/xstream-1.4.10.jar:/home/felipe/.m2/repository/xmlpull/xmlpull/1.1.3.1/xmlpull-1.1.3.1.jar:/home/felipe/.m2/repository/xpp3/xpp3_min/1.1.4c/xpp3_min-1.1.4c.jar:/home/felipe/.m2/repository/net/sf/dozer/dozer/5.5.1/dozer-5.5.1.jar:/home/felipe/.m2/repository/commons-beanutils/commons-beanutils/1.9.1/commons-beanutils-1.9.1.jar:/home/felipe/.m2/repository/commons-collections/commons-collections/3.2.1/commons-collections-3.2.1.jar:/home/felipe/.m2/repository/org/apache/commons/commons-lang3/3.7/commons-lang3-3.7.jar:/home/felipe/.m2/repository/org/slf4j/slf4j-api/1.7.25/slf4j-api-1.7.25.jar:/home/felipe/.m2/repository/org/slf4j/jcl-over-slf4j/1.7.25/jcl-over-slf4j-1.7.25.jar:/home/felipe/.m2/repository/org/springframework/cloud/spring-cloud-starter/2.0.1.RELEASE/spring-cloud-starter-2.0.1.RELEASE.jar:/home/felipe/.m2/repository/org/springframework/cloud/spring-cloud-context/2.0.1.RELEASE/spring-cloud-context-2.0.1.RELEASE.jar:/home/felipe/.m2/repository/org/springframework/security/spring-security-crypto/5.0.7.RELEASE/spring-security-crypto-5.0.7.RELEASE.jar:/home/felipe/.m2/repository/org/springframework/cloud/spring-cloud-commons/2.0.1.RELEASE/spring-cloud-commons-2.0.1.RELEASE.jar:/home/felipe/.m2/repository/org/springframework/security/spring-security-rsa/1.0.5.RELEASE/spring-security-rsa-1.0.5.RELEASE.jar:/home/felipe/.m2/repository/org/bouncycastle/bcpkix-jdk15on/1.56/bcpkix-jdk15on-1.56.jar:/home/felipe/.m2/repository/org/bouncycastle/bcprov-jdk15on/1.56/bcprov-jdk15on-1.56.jar:/home/felipe/.m2/repository/javax/xml/bind/jaxb-api/2.3.0/jaxb-api-2.3.0.jar:/home/felipe/.m2/repository/org/glassfish/jaxb/jaxb-runtime/2.3.0/jaxb-runtime-2.3.0.jar:/home/felipe/.m2/repository/org/glassfish/jaxb/jaxb-core/2.3.0/jaxb-core-2.3.0.jar:/home/felipe/.m2/repository/org/glassfish/jaxb/txw2/2.3.0/txw2-2.3.0.jar:/home/felipe/.m2/repository/com/sun/istack/istack-commons-runtime/3.0.5/istack-commons-runtime-3.0.5.jar:/home/felipe/.m2/repository/org/jvnet/staxex/stax-ex/1.7.8/stax-ex-1.7.8.jar:/home/felipe/.m2/repository/com/sun/xml/fastinfoset/FastInfoset/1.2.13/FastInfoset-1.2.13.jar:/home/felipe/.m2/repository/javax/activation/javax.activation-api/1.2.0/javax.activation-api-1.2.0.jar:, java.vm.vendor="Oracle Corporation", sun.arch.data.model=64, java.vendor.url=http://java.oracle.com/, user.timezone=America/Sao_Paulo, os.name=Linux, java.vm.specification.version=10, sun.java.launcher=SUN_STANDARD, user.country=BR, sun.boot.library.path=/usr/lib/jvm/java-10-openjdk/lib, sun.java.command=/opt/idea-IU-181.4203.550/workspace/bo-movies/bo-movies-core/target/surefire/surefirebooter10277031260067325151.jar /opt/idea-IU-181.4203.550/workspace/bo-movies/bo-movies-core/target/surefire 2018-09-08T21-18-20_100-jvmRun1 surefire10710821277057229610tmp surefire_017032985646073825694tmp, jdk.debug=release, surefire.test.class.path=/opt/idea-IU-181.4203.550/workspace/bo-movies/bo-movies-core/target/test-classes:/opt/idea-IU-181.4203.550/workspace/bo-movies/bo-movies-core/target/classes:/home/felipe/.m2/repository/org/projectlombok/lombok/1.18.2/lombok-1.18.2.jar:/home/felipe/.m2/repository/org/springframework/boot/spring-boot-starter/2.0.4.RELEASE/spring-boot-starter-2.0.4.RELEASE.jar:/home/felipe/.m2/repository/org/springframework/boot/spring-boot/2.0.4.RELEASE/spring-boot-2.0.4.RELEASE.jar:/home/felipe/.m2/repository/org/springframework/spring-context/5.0.8.RELEASE/spring-context-5.0.8.RELEASE.jar:/home/felipe/.m2/repository/org/springframework/spring-aop/5.0.8.RELEASE/spring-aop-5.0.8.RELEASE.jar:/home/felipe/.m2/repository/org/springframework/boot/spring-boot-autoconfigure/2.0.4.RELEASE/spring-boot-autoconfigure-2.0.4.RELEASE.jar:/home/felipe/.m2/repository/org/springframework/boot/spring-boot-starter-logging/2.0.4.RELEASE/spring-boot-starter-logging-2.0.4.RELEASE.jar:/home/felipe/.m2/repository/ch/qos/logback/logback-classic/1.2.3/logback-classic-1.2.3.jar:/home/felipe/.m2/repository/ch/qos/logback/logback-core/1.2.3/logback-core-1.2.3.jar:/home/felipe/.m2/repository/org/apache/logging/log4j/log4j-to-slf4j/2.10.0/log4j-to-slf4j-2.10.0.jar:/home/felipe/.m2/repository/org/apache/logging/log4j/log4j-api/2.10.0/log4j-api-2.10.0.jar:/home/felipe/.m2/repository/org/slf4j/jul-to-slf4j/1.7.25/jul-to-slf4j-1.7.25.jar:/home/felipe/.m2/repository/javax/annotation/javax.annotation-api/1.3.2/javax.annotation-api-1.3.2.jar:/home/felipe/.m2/repository/org/springframework/spring-core/5.0.8.RELEASE/spring-core-5.0.8.RELEASE.jar:/home/felipe/.m2/repository/org/springframework/spring-jcl/5.0.8.RELEASE/spring-jcl-5.0.8.RELEASE.jar:/home/felipe/.m2/repository/org/yaml/snakeyaml/1.19/snakeyaml-1.19.jar:/home/felipe/.m2/repository/org/springframework/boot/spring-boot-starter-test/2.0.4.RELEASE/spring-boot-starter-test-2.0.4.RELEASE.jar:/home/felipe/.m2/repository/org/springframework/boot/spring-boot-test/2.0.4.RELEASE/spring-boot-test-2.0.4.RELEASE.jar:/home/felipe/.m2/repository/org/springframework/boot/spring-boot-test-autoconfigure/2.0.4.RELEASE/spring-boot-test-autoconfigure-2.0.4.RELEASE.jar:/home/felipe/.m2/repository/com/jayway/jsonpath/json-path/2.4.0/json-path-2.4.0.jar:/home/felipe/.m2/repository/net/minidev/json-smart/2.3/json-smart-2.3.jar:/home/felipe/.m2/repository/net/minidev/accessors-smart/1.2/accessors-smart-1.2.jar:/home/felipe/.m2/repository/org/ow2/asm/asm/5.0.4/asm-5.0.4.jar:/home/felipe/.m2/repository/junit/junit/4.12/junit-4.12.jar:/home/felipe/.m2/repository/org/assertj/assertj-core/3.9.1/assertj-core-3.9.1.jar:/home/felipe/.m2/repository/org/mockito/mockito-core/2.15.0/mockito-core-2.15.0.jar:/home/felipe/.m2/repository/net/bytebuddy/byte-buddy/1.7.11/byte-buddy-1.7.11.jar:/home/felipe/.m2/repository/net/bytebuddy/byte-buddy-agent/1.7.11/byte-buddy-agent-1.7.11.jar:/home/felipe/.m2/repository/org/objenesis/objenesis/2.6/objenesis-2.6.jar:/home/felipe/.m2/repository/org/hamcrest/hamcrest-core/1.3/hamcrest-core-1.3.jar:/home/felipe/.m2/repository/org/hamcrest/hamcrest-library/1.3/hamcrest-library-1.3.jar:/home/felipe/.m2/repository/org/skyscreamer/jsonassert/1.5.0/jsonassert-1.5.0.jar:/home/felipe/.m2/repository/com/vaadin/external/google/android-json/0.0.20131108.vaadin1/android-json-0.0.20131108.vaadin1.jar:/home/felipe/.m2/repository/org/springframework/spring-test/5.0.8.RELEASE/spring-test-5.0.8.RELEASE.jar:/home/felipe/.m2/repository/org/xmlunit/xmlunit-core/2.5.1/xmlunit-core-2.5.1.jar:/home/felipe/.m2/repository/org/springframework/boot/spring-boot-starter-data-mongodb/2.0.4.RELEASE/spring-boot-starter-data-mongodb-2.0.4.RELEASE.jar:/home/felipe/.m2/repository/org/mongodb/mongodb-driver/3.6.4/mongodb-driver-3.6.4.jar:/home/felipe/.m2/repository/org/mongodb/bson/3.6.4/bson-3.6.4.jar:/home/felipe/.m2/repository/org/mongodb/mongodb-driver-core/3.6.4/mongodb-driver-core-3.6.4.jar:/home/felipe/.m2/repository/org/springframework/data/spring-data-mongodb/2.0.9.RELEASE/spring-data-mongodb-2.0.9.RELEASE.jar:/home/felipe/.m2/repository/org/springframework/spring-tx/5.0.8.RELEASE/spring-tx-5.0.8.RELEASE.jar:/home/felipe/.m2/repository/org/springframework/spring-beans/5.0.8.RELEASE/spring-beans-5.0.8.RELEASE.jar:/home/felipe/.m2/repository/org/springframework/spring-expression/5.0.8.RELEASE/spring-expression-5.0.8.RELEASE.jar:/home/felipe/.m2/repository/org/springframework/data/spring-data-commons/2.0.9.RELEASE/spring-data-commons-2.0.9.RELEASE.jar:/home/felipe/.m2/repository/org/springframework/boot/spring-boot-starter-actuator/2.0.4.RELEASE/spring-boot-starter-actuator-2.0.4.RELEASE.jar:/home/felipe/.m2/repository/org/springframework/boot/spring-boot-actuator-autoconfigure/2.0.4.RELEASE/spring-boot-actuator-autoconfigure-2.0.4.RELEASE.jar:/home/felipe/.m2/repository/org/springframework/boot/spring-boot-actuator/2.0.4.RELEASE/spring-boot-actuator-2.0.4.RELEASE.jar:/home/felipe/.m2/repository/com/fasterxml/jackson/core/jackson-databind/2.9.6/jackson-databind-2.9.6.jar:/home/felipe/.m2/repository/com/fasterxml/jackson/datatype/jackson-datatype-jsr310/2.9.6/jackson-datatype-jsr310-2.9.6.jar:/home/felipe/.m2/repository/io/micrometer/micrometer-core/1.0.6/micrometer-core-1.0.6.jar:/home/felipe/.m2/repository/org/hdrhistogram/HdrHistogram/2.1.10/HdrHistogram-2.1.10.jar:/home/felipe/.m2/repository/org/latencyutils/LatencyUtils/2.0.3/LatencyUtils-2.0.3.jar:/home/felipe/.m2/repository/org/springframework/boot/spring-boot-devtools/2.0.4.RELEASE/spring-boot-devtools-2.0.4.RELEASE.jar:/home/felipe/.m2/repository/org/springframework/cloud/spring-cloud-starter-netflix-eureka-client/2.0.1.RELEASE/spring-cloud-starter-netflix-eureka-client-2.0.1.RELEASE.jar:/home/felipe/.m2/repository/org/springframework/cloud/spring-cloud-netflix-core/2.0.1.RELEASE/spring-cloud-netflix-core-2.0.1.RELEASE.jar:/home/felipe/.m2/repository/org/springframework/boot/spring-boot-starter-aop/2.0.4.RELEASE/spring-boot-starter-aop-2.0.4.RELEASE.jar:/home/felipe/.m2/repository/org/aspectj/aspectjweaver/1.8.13/aspectjweaver-1.8.13.jar:/home/felipe/.m2/repository/org/springframework/cloud/spring-cloud-netflix-eureka-client/2.0.1.RELEASE/spring-cloud-netflix-eureka-client-2.0.1.RELEASE.jar:/home/felipe/.m2/repository/com/netflix/eureka/eureka-client/1.9.3/eureka-client-1.9.3.jar:/home/felipe/.m2/repository/org/codehaus/jettison/jettison/1.3.7/jettison-1.3.7.jar:/home/felipe/.m2/repository/stax/stax-api/1.0.1/stax-api-1.0.1.jar:/home/felipe/.m2/repository/com/netflix/netflix-commons/netflix-eventbus/0.3.0/netflix-eventbus-0.3.0.jar:/home/felipe/.m2/repository/com/netflix/netflix-commons/netflix-infix/0.3.0/netflix-infix-0.3.0.jar:/home/felipe/.m2/repository/commons-jxpath/commons-jxpath/1.3/commons-jxpath-1.3.jar:/home/felipe/.m2/repository/joda-time/joda-time/2.9.9/joda-time-2.9.9.jar:/home/felipe/.m2/repository/org/antlr/antlr-runtime/3.4/antlr-runtime-3.4.jar:/home/felipe/.m2/repository/org/antlr/stringtemplate/3.2.1/stringtemplate-3.2.1.jar:/home/felipe/.m2/repository/antlr/antlr/2.7.7/antlr-2.7.7.jar:/home/felipe/.m2/repository/com/google/code/gson/gson/2.8.5/gson-2.8.5.jar:/home/felipe/.m2/repository/org/apache/commons/commons-math/2.2/commons-math-2.2.jar:/home/felipe/.m2/repository/com/netflix/archaius/archaius-core/0.7.6/archaius-core-0.7.6.jar:/home/felipe/.m2/repository/com/google/guava/guava/16.0/guava-16.0.jar:/home/felipe/.m2/repository/javax/ws/rs/jsr311-api/1.1.1/jsr311-api-1.1.1.jar:/home/felipe/.m2/repository/com/netflix/servo/servo-core/0.12.21/servo-core-0.12.21.jar:/home/felipe/.m2/repository/com/sun/jersey/jersey-core/1.19.1/jersey-core-1.19.1.jar:/home/felipe/.m2/repository/com/sun/jersey/jersey-client/1.19.1/jersey-client-1.19.1.jar:/home/felipe/.m2/repository/com/sun/jersey/contribs/jersey-apache-client4/1.19.1/jersey-apache-client4-1.19.1.jar:/home/felipe/.m2/repository/org/apache/httpcomponents/httpclient/4.5.6/httpclient-4.5.6.jar:/home/felipe/.m2/repository/org/apache/httpcomponents/httpcore/4.4.10/httpcore-4.4.10.jar:/home/felipe/.m2/repository/commons-codec/commons-codec/1.11/commons-codec-1.11.jar:/home/felipe/.m2/repository/com/google/inject/guice/4.1.0/guice-4.1.0.jar:/home/felipe/.m2/repository/javax/inject/javax.inject/1/javax.inject-1.jar:/home/felipe/.m2/repository/aopalliance/aopalliance/1.0/aopalliance-1.0.jar:/home/felipe/.m2/repository/com/github/vlsi/compactmap/compactmap/1.2.1/compactmap-1.2.1.jar:/home/felipe/.m2/repository/com/github/andrewoma/dexx/dexx-collections/0.2/dexx-collections-0.2.jar:/home/felipe/.m2/repository/com/fasterxml/jackson/core/jackson-annotations/2.9.0/jackson-annotations-2.9.0.jar:/home/felipe/.m2/repository/com/fasterxml/jackson/core/jackson-core/2.9.6/jackson-core-2.9.6.jar:/home/felipe/.m2/repository/com/netflix/eureka/eureka-core/1.9.3/eureka-core-1.9.3.jar:/home/felipe/.m2/repository/org/codehaus/woodstox/woodstox-core-asl/4.4.1/woodstox-core-asl-4.4.1.jar:/home/felipe/.m2/repository/javax/xml/stream/stax-api/1.0-2/stax-api-1.0-2.jar:/home/felipe/.m2/repository/org/codehaus/woodstox/stax2-api/3.1.4/stax2-api-3.1.4.jar:/home/felipe/.m2/repository/org/springframework/cloud/spring-cloud-starter-netflix-archaius/2.0.1.RELEASE/spring-cloud-starter-netflix-archaius-2.0.1.RELEASE.jar:/home/felipe/.m2/repository/org/springframework/cloud/spring-cloud-netflix-ribbon/2.0.1.RELEASE/spring-cloud-netflix-ribbon-2.0.1.RELEASE.jar:/home/felipe/.m2/repository/org/springframework/cloud/spring-cloud-netflix-archaius/2.0.1.RELEASE/spring-cloud-netflix-archaius-2.0.1.RELEASE.jar:/home/felipe/.m2/repository/commons-configuration/commons-configuration/1.8/commons-configuration-1.8.jar:/home/felipe/.m2/repository/commons-lang/commons-lang/2.6/commons-lang-2.6.jar:/home/felipe/.m2/repository/org/springframework/cloud/spring-cloud-starter-netflix-ribbon/2.0.1.RELEASE/spring-cloud-starter-netflix-ribbon-2.0.1.RELEASE.jar:/home/felipe/.m2/repository/com/netflix/ribbon/ribbon/2.2.5/ribbon-2.2.5.jar:/home/felipe/.m2/repository/com/netflix/ribbon/ribbon-transport/2.2.5/ribbon-transport-2.2.5.jar:/home/felipe/.m2/repository/io/reactivex/rxnetty-contexts/0.4.9/rxnetty-contexts-0.4.9.jar:/home/felipe/.m2/repository/io/reactivex/rxnetty-servo/0.4.9/rxnetty-servo-0.4.9.jar:/home/felipe/.m2/repository/com/netflix/hystrix/hystrix-core/1.5.12/hystrix-core-1.5.12.jar:/home/felipe/.m2/repository/io/reactivex/rxnetty/0.4.9/rxnetty-0.4.9.jar:/home/felipe/.m2/repository/io/netty/netty-codec-http/4.1.27.Final/netty-codec-http-4.1.27.Final.jar:/home/felipe/.m2/repository/io/netty/netty-codec/4.1.27.Final/netty-codec-4.1.27.Final.jar:/home/felipe/.m2/repository/io/netty/netty-transport-native-epoll/4.1.27.Final/netty-transport-native-epoll-4.1.27.Final.jar:/home/felipe/.m2/repository/io/netty/netty-common/4.1.27.Final/netty-common-4.1.27.Final.jar:/home/felipe/.m2/repository/io/netty/netty-buffer/4.1.27.Final/netty-buffer-4.1.27.Final.jar:/home/felipe/.m2/repository/io/netty/netty-transport-native-unix-common/4.1.27.Final/netty-transport-native-unix-common-4.1.27.Final.jar:/home/felipe/.m2/repository/io/netty/netty-transport/4.1.27.Final/netty-transport-4.1.27.Final.jar:/home/felipe/.m2/repository/io/netty/netty-resolver/4.1.27.Final/netty-resolver-4.1.27.Final.jar:/home/felipe/.m2/repository/com/netflix/ribbon/ribbon-core/2.2.5/ribbon-core-2.2.5.jar:/home/felipe/.m2/repository/com/netflix/ribbon/ribbon-httpclient/2.2.5/ribbon-httpclient-2.2.5.jar:/home/felipe/.m2/repository/com/netflix/netflix-commons/netflix-commons-util/0.3.0/netflix-commons-util-0.3.0.jar:/home/felipe/.m2/repository/com/netflix/ribbon/ribbon-loadbalancer/2.2.5/ribbon-loadbalancer-2.2.5.jar:/home/felipe/.m2/repository/com/netflix/netflix-commons/netflix-statistics/0.1.1/netflix-statistics-0.1.1.jar:/home/felipe/.m2/repository/io/reactivex/rxjava/1.3.8/rxjava-1.3.8.jar:/home/felipe/.m2/repository/com/netflix/ribbon/ribbon-eureka/2.2.5/ribbon-eureka-2.2.5.jar:/home/felipe/.m2/repository/com/thoughtworks/xstream/xstream/1.4.10/xstream-1.4.10.jar:/home/felipe/.m2/repository/xmlpull/xmlpull/1.1.3.1/xmlpull-1.1.3.1.jar:/home/felipe/.m2/repository/xpp3/xpp3_min/1.1.4c/xpp3_min-1.1.4c.jar:/home/felipe/.m2/repository/net/sf/dozer/dozer/5.5.1/dozer-5.5.1.jar:/home/felipe/.m2/repository/commons-beanutils/commons-beanutils/1.9.1/commons-beanutils-1.9.1.jar:/home/felipe/.m2/repository/commons-collections/commons-collections/3.2.1/commons-collections-3.2.1.jar:/home/felipe/.m2/repository/org/apache/commons/commons-lang3/3.7/commons-lang3-3.7.jar:/home/felipe/.m2/repository/org/slf4j/slf4j-api/1.7.25/slf4j-api-1.7.25.jar:/home/felipe/.m2/repository/org/slf4j/jcl-over-slf4j/1.7.25/jcl-over-slf4j-1.7.25.jar:/home/felipe/.m2/repository/org/springframework/cloud/spring-cloud-starter/2.0.1.RELEASE/spring-cloud-starter-2.0.1.RELEASE.jar:/home/felipe/.m2/repository/org/springframework/cloud/spring-cloud-context/2.0.1.RELEASE/spring-cloud-context-2.0.1.RELEASE.jar:/home/felipe/.m2/repository/org/springframework/security/spring-security-crypto/5.0.7.RELEASE/spring-security-crypto-5.0.7.RELEASE.jar:/home/felipe/.m2/repository/org/springframework/cloud/spring-cloud-commons/2.0.1.RELEASE/spring-cloud-commons-2.0.1.RELEASE.jar:/home/felipe/.m2/repository/org/springframework/security/spring-security-rsa/1.0.5.RELEASE/spring-security-rsa-1.0.5.RELEASE.jar:/home/felipe/.m2/repository/org/bouncycastle/bcpkix-jdk15on/1.56/bcpkix-jdk15on-1.56.jar:/home/felipe/.m2/repository/org/bouncycastle/bcprov-jdk15on/1.56/bcprov-jdk15on-1.56.jar:/home/felipe/.m2/repository/javax/xml/bind/jaxb-api/2.3.0/jaxb-api-2.3.0.jar:/home/felipe/.m2/repository/org/glassfish/jaxb/jaxb-runtime/2.3.0/jaxb-runtime-2.3.0.jar:/home/felipe/.m2/repository/org/glassfish/jaxb/jaxb-core/2.3.0/jaxb-core-2.3.0.jar:/home/felipe/.m2/repository/org/glassfish/jaxb/txw2/2.3.0/txw2-2.3.0.jar:/home/felipe/.m2/repository/com/sun/istack/istack-commons-runtime/3.0.5/istack-commons-runtime-3.0.5.jar:/home/felipe/.m2/repository/org/jvnet/staxex/stax-ex/1.7.8/stax-ex-1.7.8.jar:/home/felipe/.m2/repository/com/sun/xml/fastinfoset/FastInfoset/1.2.13/FastInfoset-1.2.13.jar:/home/felipe/.m2/repository/javax/activation/javax.activation-api/1.2.0/javax.activation-api-1.2.0.jar:, sun.cpu.endian=little, user.home=/home/felipe, user.language=pt, java.specification.vendor=Oracle Corporation, java.version.date=2018-07-17, java.home=/usr/lib/jvm/java-10-openjdk, file.separator=/, basedir=/opt/idea-IU-181.4203.550/workspace/bo-movies/bo-movies-core, java.vm.compressedOopsMode=Zero based, line.separator=
, java.specification.name=Java Platform API Specification, java.vm.specification.vendor=Oracle Corporation, java.awt.graphicsenv=sun.awt.X11GraphicsEnvironment, surefire.real.class.path=/opt/idea-IU-181.4203.550/workspace/bo-movies/bo-movies-core/target/surefire/surefirebooter10277031260067325151.jar, sun.management.compiler=HotSpot 64-Bit Tiered Compilers, java.runtime.version=10.0.2+13, user.name=felipe, path.separator=:, os.version=4.10.0-38-generic, java.runtime.name=OpenJDK Runtime Environment, file.encoding=UTF-8, java.vm.name=OpenJDK 64-Bit Server VM, java.vendor.version=18.3, localRepository=/home/felipe/.m2/repository, java.vendor.url.bug=http://bugreport.java.com/bugreport/, java.io.tmpdir=/tmp, java.version=10.0.2, user.dir=/opt/idea-IU-181.4203.550/workspace/bo-movies/bo-movies-core, os.arch=amd64, java.vm.specification.name=Java Virtual Machine Specification, java.awt.printerjob=sun.print.PSPrinterJob, sun.os.patch.level=unknown, java.library.path=/usr/java/packages/lib:/usr/lib64:/lib64:/lib:/usr/lib, java.vendor=Oracle Corporation, java.vm.info=mixed mode, java.vm.version=10.0.2+13, sun.io.unicode.encoding=UnicodeLittle, java.class.version=54.0}}, SystemEnvironmentPropertySource@65586123 {name='systemEnvironment', properties={PATH=/home/felipe/.pyenv/plugins/pyenv-virtualenv/shims:/home/felipe/.pyenv/shims:/home/felipe/.pyenv/bin:/home/felipe/bin:/home/felipe/.local/bin:/home/felipe/.pyenv/plugins/pyenv-virtualenv/shims:/home/felipe/.pyenv/shims:/home/felipe/.pyenv/bin:/home/felipe/bin:/home/felipe/.local/bin:/usr/local/sbin:/usr/local/bin:/usr/sbin:/usr/bin:/sbin:/bin:/usr/games:/usr/local/games:/snap/bin:/usr/lib/jvm/jdk-10.0.2/bin:/opt/apache-maven-3.5.3/bin:/usr/lib/jvm/java-10-openjdk/bin:/opt/apache-maven-3.5.3/bin, PYENV_SHELL=bash, XAUTHORITY=/home/felipe/.Xauthority, XDG_DATA_DIRS=/usr/share/cinnamon:/usr/share/gnome:/home/felipe/.local/share/flatpak/exports/share:/var/lib/flatpak/exports/share:/usr/local/share:/usr/share:/var/lib/snapd/desktop, GDMSESSION=cinnamon, MANDATORY_PATH=/usr/share/gconf/cinnamon.mandatory.path, DBUS_SESSION_BUS_ADDRESS=unix:abstract=/tmp/dbus-Vf2ZXSLdml,guid=08abbadb531fc37c9106c2d35b93c6c1, DEFAULTS_PATH=/usr/share/gconf/cinnamon.default.path, XDG_CURRENT_DESKTOP=X-Cinnamon, INSIDE_NEMO_PYTHON=, SSH_AGENT_PID=2476, SESSION_MANAGER=local/felipe-Inspiron-5570:@/tmp/.ICE-unix/2275,unix/felipe-Inspiron-5570:/tmp/.ICE-unix/2275, QT_LINUX_ACCESSIBILITY_ALWAYS_ON=1, LOGNAME=felipe, PWD=/opt/idea-IU-181.4203.550/workspace/bo-movies/bo-movies-core, LANGUAGE=pt_BR:pt:en, PYENV_VIRTUALENV_INIT=1, SHELL=/bin/bash, LESSOPEN=| /usr/bin/lesspipe %s, OLDPWD=/opt/idea-IU-181.4203.550/workspace/bo-movies/bo-movies-core, GNOME_DESKTOP_SESSION_ID=this-is-deprecated, GTK_MODULES=gail:atk-bridge, XDG_SESSION_PATH=/org/freedesktop/DisplayManager/Session0, M2_HOME=/opt/apache-maven-3.5.3, LS_COLORS=rs=0:di=01;34:ln=01;36:mh=00:pi=40;33:so=01;35:do=01;35:bd=40;33;01:cd=40;33;01:or=40;31;01:mi=00:su=37;41:sg=30;43:ca=30;41:tw=30;42:ow=34;42:st=37;44:ex=01;32:*.tar=01;31:*.tgz=01;31:*.arc=01;31:*.arj=01;31:*.taz=01;31:*.lha=01;31:*.lz4=01;31:*.lzh=01;31:*.lzma=01;31:*.tlz=01;31:*.txz=01;31:*.tzo=01;31:*.t7z=01;31:*.zip=01;31:*.z=01;31:*.Z=01;31:*.dz=01;31:*.gz=01;31:*.lrz=01;31:*.lz=01;31:*.lzo=01;31:*.xz=01;31:*.bz2=01;31:*.bz=01;31:*.tbz=01;31:*.tbz2=01;31:*.tz=01;31:*.deb=01;31:*.rpm=01;31:*.jar=01;31:*.war=01;31:*.ear=01;31:*.sar=01;31:*.rar=01;31:*.alz=01;31:*.ace=01;31:*.zoo=01;31:*.cpio=01;31:*.7z=01;31:*.rz=01;31:*.cab=01;31:*.jpg=01;35:*.jpeg=01;35:*.gif=01;35:*.bmp=01;35:*.pbm=01;35:*.pgm=01;35:*.ppm=01;35:*.tga=01;35:*.xbm=01;35:*.xpm=01;35:*.tif=01;35:*.tiff=01;35:*.png=01;35:*.svg=01;35:*.svgz=01;35:*.mng=01;35:*.pcx=01;35:*.mov=01;35:*.mpg=01;35:*.mpeg=01;35:*.m2v=01;35:*.mkv=01;35:*.webm=01;35:*.ogm=01;35:*.mp4=01;35:*.m4v=01;35:*.mp4v=01;35:*.vob=01;35:*.qt=01;35:*.nuv=01;35:*.wmv=01;35:*.asf=01;35:*.rm=01;35:*.rmvb=01;35:*.flc=01;35:*.avi=01;35:*.fli=01;35:*.flv=01;35:*.gl=01;35:*.dl=01;35:*.xcf=01;35:*.xwd=01;35:*.yuv=01;35:*.cgm=01;35:*.emf=01;35:*.ogv=01;35:*.ogx=01;35:*.aac=00;36:*.au=00;36:*.flac=00;36:*.m4a=00;36:*.mid=00;36:*.midi=00;36:*.mka=00;36:*.mp3=00;36:*.mpc=00;36:*.ogg=00;36:*.ra=00;36:*.wav=00;36:*.oga=00;36:*.opus=00;36:*.spx=00;36:*.xspf=00;36:, XDG_SESSION_DESKTOP=cinnamon, SHLVL=2, LESSCLOSE=/usr/bin/lesspipe %s %s, JAVA_HOME=/usr/lib/jvm/java-10-openjdk, TERM=xterm-256color, XDG_CONFIG_DIRS=/etc/xdg/xdg-cinnamon:/etc/xdg, LANG=pt_BR.UTF-8, XDG_SEAT_PATH=/org/freedesktop/DisplayManager/Seat0, XDG_SESSION_ID=c2, XDG_SESSION_TYPE=x11, DISPLAY=:0, QT_STYLE_OVERRIDE=gtk, MAVEN_CMD_LINE_ARGS= clean install, _=/opt/apache-maven-3.5.3/bin/mvn, GDM_LANG=pt_BR, XDG_GREETER_DATA_DIR=/var/lib/lightdm-data/felipe, MAVEN_PROJECTBASEDIR=/opt/idea-IU-181.4203.550/workspace/bo-movies, DESKTOP_SESSION=cinnamon, USER=felipe, QT_ACCESSIBILITY=1, SSH_AUTH_SOCK=/run/user/1000/keyring/ssh, XDG_SEAT=seat0, GTK_OVERLAY_SCROLLING=1, QT_QPA_PLATFORMTHEME=qgnomeplatform, XDG_VTNR=7, XDG_RUNTIME_DIR=/run/user/1000, HOME=/home/felipe}}]
21:18:21.016 [main] DEBUG org.springframework.core.io.support.PathMatchingResourcePatternResolver - Resolved classpath location [com/msvvdv/bomoviescore/] to resources [URL [file:/opt/idea-IU-181.4203.550/workspace/bo-movies/bo-movies-core/target/test-classes/com/msvvdv/bomoviescore/], URL [file:/opt/idea-IU-181.4203.550/workspace/bo-movies/bo-movies-core/target/classes/com/msvvdv/bomoviescore/]]
21:18:21.016 [main] DEBUG org.springframework.core.io.support.PathMatchingResourcePatternResolver - Looking for matching resources in directory tree [/opt/idea-IU-181.4203.550/workspace/bo-movies/bo-movies-core/target/test-classes/com/msvvdv/bomoviescore]
21:18:21.016 [main] DEBUG org.springframework.core.io.support.PathMatchingResourcePatternResolver - Searching directory [/opt/idea-IU-181.4203.550/workspace/bo-movies/bo-movies-core/target/test-classes/com/msvvdv/bomoviescore] for files matching pattern [/opt/idea-IU-181.4203.550/workspace/bo-movies/bo-movies-core/target/test-classes/com/msvvdv/bomoviescore/*.class]
21:18:21.019 [main] DEBUG org.springframework.core.io.support.PathMatchingResourcePatternResolver - Looking for matching resources in directory tree [/opt/idea-IU-181.4203.550/workspace/bo-movies/bo-movies-core/target/classes/com/msvvdv/bomoviescore]
21:18:21.019 [main] DEBUG org.springframework.core.io.support.PathMatchingResourcePatternResolver - Searching directory [/opt/idea-IU-181.4203.550/workspace/bo-movies/bo-movies-core/target/classes/com/msvvdv/bomoviescore] for files matching pattern [/opt/idea-IU-181.4203.550/workspace/bo-movies/bo-movies-core/target/classes/com/msvvdv/bomoviescore/*.class]
21:18:21.020 [main] DEBUG org.springframework.core.io.support.PathMatchingResourcePatternResolver - Resolved location pattern [classpath*:com/msvvdv/bomoviescore/*.class] to resources [file [/opt/idea-IU-181.4203.550/workspace/bo-movies/bo-movies-core/target/test-classes/com/msvvdv/bomoviescore/BoMoviesCoreApplicationTests.class]]
21:18:21.039 [main] DEBUG org.springframework.core.io.support.PathMatchingResourcePatternResolver - Resolved classpath location [com/msvvdv/] to resources [URL [file:/opt/idea-IU-181.4203.550/workspace/bo-movies/bo-movies-core/target/test-classes/com/msvvdv/], URL [file:/opt/idea-IU-181.4203.550/workspace/bo-movies/bo-movies-core/target/classes/com/msvvdv/]]
21:18:21.039 [main] DEBUG org.springframework.core.io.support.PathMatchingResourcePatternResolver - Looking for matching resources in directory tree [/opt/idea-IU-181.4203.550/workspace/bo-movies/bo-movies-core/target/test-classes/com/msvvdv]
21:18:21.040 [main] DEBUG org.springframework.core.io.support.PathMatchingResourcePatternResolver - Searching directory [/opt/idea-IU-181.4203.550/workspace/bo-movies/bo-movies-core/target/test-classes/com/msvvdv] for files matching pattern [/opt/idea-IU-181.4203.550/workspace/bo-movies/bo-movies-core/target/test-classes/com/msvvdv/*.class]
21:18:21.040 [main] DEBUG org.springframework.core.io.support.PathMatchingResourcePatternResolver - Looking for matching resources in directory tree [/opt/idea-IU-181.4203.550/workspace/bo-movies/bo-movies-core/target/classes/com/msvvdv]
21:18:21.040 [main] DEBUG org.springframework.core.io.support.PathMatchingResourcePatternResolver - Searching directory [/opt/idea-IU-181.4203.550/workspace/bo-movies/bo-movies-core/target/classes/com/msvvdv] for files matching pattern [/opt/idea-IU-181.4203.550/workspace/bo-movies/bo-movies-core/target/classes/com/msvvdv/*.class]
21:18:21.041 [main] DEBUG org.springframework.core.io.support.PathMatchingResourcePatternResolver - Resolved location pattern [classpath*:com/msvvdv/*.class] to resources []
21:18:21.044 [main] DEBUG org.springframework.core.io.support.PathMatchingResourcePatternResolver - Resolved classpath location [com/] to resources [URL [file:/opt/idea-IU-181.4203.550/workspace/bo-movies/bo-movies-core/target/test-classes/com/], URL [file:/opt/idea-IU-181.4203.550/workspace/bo-movies/bo-movies-core/target/classes/com/], URL [jar:file:/home/felipe/.m2/repository/org/projectlombok/lombok/1.18.2/lombok-1.18.2.jar!/com/], URL [jar:file:/home/felipe/.m2/repository/com/jayway/jsonpath/json-path/2.4.0/json-path-2.4.0.jar!/com/], URL [jar:file:/home/felipe/.m2/repository/org/mongodb/mongodb-driver/3.6.4/mongodb-driver-3.6.4.jar!/com/], URL [jar:file:/home/felipe/.m2/repository/org/mongodb/mongodb-driver-core/3.6.4/mongodb-driver-core-3.6.4.jar!/com/], URL [jar:file:/home/felipe/.m2/repository/com/fasterxml/jackson/core/jackson-databind/2.9.6/jackson-databind-2.9.6.jar!/com/], URL [jar:file:/home/felipe/.m2/repository/com/fasterxml/jackson/datatype/jackson-datatype-jsr310/2.9.6/jackson-datatype-jsr310-2.9.6.jar!/com/], URL [jar:file:/home/felipe/.m2/repository/com/netflix/eureka/eureka-client/1.9.3/eureka-client-1.9.3.jar!/com/], URL [jar:file:/home/felipe/.m2/repository/com/netflix/netflix-commons/netflix-eventbus/0.3.0/netflix-eventbus-0.3.0.jar!/com/], URL [jar:file:/home/felipe/.m2/repository/com/netflix/netflix-commons/netflix-infix/0.3.0/netflix-infix-0.3.0.jar!/com/], URL [jar:file:/home/felipe/.m2/repository/com/google/code/gson/gson/2.8.5/gson-2.8.5.jar!/com/], URL [jar:file:/home/felipe/.m2/repository/com/netflix/archaius/archaius-core/0.7.6/archaius-core-0.7.6.jar!/com/], URL [jar:file:/home/felipe/.m2/repository/com/google/guava/guava/16.0/guava-16.0.jar!/com/], URL [jar:file:/home/felipe/.m2/repository/com/netflix/servo/servo-core/0.12.21/servo-core-0.12.21.jar!/com/], URL [jar:file:/home/felipe/.m2/repository/com/sun/jersey/jersey-core/1.19.1/jersey-core-1.19.1.jar!/com/], URL [jar:file:/home/felipe/.m2/repository/com/sun/jersey/jersey-client/1.19.1/jersey-client-1.19.1.jar!/com/], URL [jar:file:/home/felipe/.m2/repository/com/sun/jersey/contribs/jersey-apache-client4/1.19.1/jersey-apache-client4-1.19.1.jar!/com/], URL [jar:file:/home/felipe/.m2/repository/com/google/inject/guice/4.1.0/guice-4.1.0.jar!/com/], URL [jar:file:/home/felipe/.m2/repository/com/github/andrewoma/dexx/dexx-collections/0.2/dexx-collections-0.2.jar!/com/], URL [jar:file:/home/felipe/.m2/repository/com/fasterxml/jackson/core/jackson-annotations/2.9.0/jackson-annotations-2.9.0.jar!/com/], URL [jar:file:/home/felipe/.m2/repository/com/fasterxml/jackson/core/jackson-core/2.9.6/jackson-core-2.9.6.jar!/com/], URL [jar:file:/home/felipe/.m2/repository/com/netflix/eureka/eureka-core/1.9.3/eureka-core-1.9.3.jar!/com/], URL [jar:file:/home/felipe/.m2/repository/org/codehaus/woodstox/woodstox-core-asl/4.4.1/woodstox-core-asl-4.4.1.jar!/com/], URL [jar:file:/home/felipe/.m2/repository/com/netflix/ribbon/ribbon/2.2.5/ribbon-2.2.5.jar!/com/], URL [jar:file:/home/felipe/.m2/repository/com/netflix/ribbon/ribbon-transport/2.2.5/ribbon-transport-2.2.5.jar!/com/], URL [jar:file:/home/felipe/.m2/repository/io/reactivex/rxnetty-contexts/0.4.9/rxnetty-contexts-0.4.9.jar!/com/], URL [jar:file:/home/felipe/.m2/repository/com/netflix/hystrix/hystrix-core/1.5.12/hystrix-core-1.5.12.jar!/com/], URL [jar:file:/home/felipe/.m2/repository/com/netflix/ribbon/ribbon-core/2.2.5/ribbon-core-2.2.5.jar!/com/], URL [jar:file:/home/felipe/.m2/repository/com/netflix/ribbon/ribbon-httpclient/2.2.5/ribbon-httpclient-2.2.5.jar!/com/], URL [jar:file:/home/felipe/.m2/repository/com/netflix/netflix-commons/netflix-commons-util/0.3.0/netflix-commons-util-0.3.0.jar!/com/], URL [jar:file:/home/felipe/.m2/repository/com/netflix/ribbon/ribbon-loadbalancer/2.2.5/ribbon-loadbalancer-2.2.5.jar!/com/], URL [jar:file:/home/felipe/.m2/repository/com/netflix/netflix-commons/netflix-statistics/0.1.1/netflix-statistics-0.1.1.jar!/com/], URL [jar:file:/home/felipe/.m2/repository/com/netflix/ribbon/ribbon-eureka/2.2.5/ribbon-eureka-2.2.5.jar!/com/], URL [jar:file:/home/felipe/.m2/repository/com/thoughtworks/xstream/xstream/1.4.10/xstream-1.4.10.jar!/com/], URL [jar:file:/home/felipe/.m2/repository/org/glassfish/jaxb/jaxb-runtime/2.3.0/jaxb-runtime-2.3.0.jar!/com/], URL [jar:file:/home/felipe/.m2/repository/org/glassfish/jaxb/jaxb-core/2.3.0/jaxb-core-2.3.0.jar!/com/], URL [jar:file:/home/felipe/.m2/repository/org/glassfish/jaxb/txw2/2.3.0/txw2-2.3.0.jar!/com/], URL [jar:file:/home/felipe/.m2/repository/com/sun/istack/istack-commons-runtime/3.0.5/istack-commons-runtime-3.0.5.jar!/com/], URL [jar:file:/home/felipe/.m2/repository/com/sun/xml/fastinfoset/FastInfoset/1.2.13/FastInfoset-1.2.13.jar!/com/]]
21:18:21.045 [main] DEBUG org.springframework.core.io.support.PathMatchingResourcePatternResolver - Looking for matching resources in directory tree [/opt/idea-IU-181.4203.550/workspace/bo-movies/bo-movies-core/target/test-classes/com]
21:18:21.045 [main] DEBUG org.springframework.core.io.support.PathMatchingResourcePatternResolver - Searching directory [/opt/idea-IU-181.4203.550/workspace/bo-movies/bo-movies-core/target/test-classes/com] for files matching pattern [/opt/idea-IU-181.4203.550/workspace/bo-movies/bo-movies-core/target/test-classes/com/*.class]
21:18:21.045 [main] DEBUG org.springframework.core.io.support.PathMatchingResourcePatternResolver - Looking for matching resources in directory tree [/opt/idea-IU-181.4203.550/workspace/bo-movies/bo-movies-core/target/classes/com]
21:18:21.045 [main] DEBUG org.springframework.core.io.support.PathMatchingResourcePatternResolver - Searching directory [/opt/idea-IU-181.4203.550/workspace/bo-movies/bo-movies-core/target/classes/com] for files matching pattern [/opt/idea-IU-181.4203.550/workspace/bo-movies/bo-movies-core/target/classes/com/*.class]
21:18:21.046 [main] DEBUG org.springframework.core.io.support.PathMatchingResourcePatternResolver - Looking for matching resources in jar file [file:/home/felipe/.m2/repository/org/projectlombok/lombok/1.18.2/lombok-1.18.2.jar]
21:18:21.052 [main] DEBUG org.springframework.core.io.support.PathMatchingResourcePatternResolver - Looking for matching resources in jar file [file:/home/felipe/.m2/repository/com/jayway/jsonpath/json-path/2.4.0/json-path-2.4.0.jar]
21:18:21.055 [main] DEBUG org.springframework.core.io.support.PathMatchingResourcePatternResolver - Looking for matching resources in jar file [file:/home/felipe/.m2/repository/org/mongodb/mongodb-driver/3.6.4/mongodb-driver-3.6.4.jar]
21:18:21.058 [main] DEBUG org.springframework.core.io.support.PathMatchingResourcePatternResolver - Looking for matching resources in jar file [file:/home/felipe/.m2/repository/org/mongodb/mongodb-driver-core/3.6.4/mongodb-driver-core-3.6.4.jar]
21:18:21.064 [main] DEBUG org.springframework.core.io.support.PathMatchingResourcePatternResolver - Looking for matching resources in jar file [file:/home/felipe/.m2/repository/com/fasterxml/jackson/core/jackson-databind/2.9.6/jackson-databind-2.9.6.jar]
21:18:21.075 [main] DEBUG org.springframework.core.io.support.PathMatchingResourcePatternResolver - Looking for matching resources in jar file [file:/home/felipe/.m2/repository/com/fasterxml/jackson/datatype/jackson-datatype-jsr310/2.9.6/jackson-datatype-jsr310-2.9.6.jar]
21:18:21.076 [main] DEBUG org.springframework.core.io.support.PathMatchingResourcePatternResolver - Looking for matching resources in jar file [file:/home/felipe/.m2/repository/com/netflix/eureka/eureka-client/1.9.3/eureka-client-1.9.3.jar]
21:18:21.077 [main] DEBUG org.springframework.core.io.support.PathMatchingResourcePatternResolver - Looking for matching resources in jar file [file:/home/felipe/.m2/repository/com/netflix/netflix-commons/netflix-eventbus/0.3.0/netflix-eventbus-0.3.0.jar]
21:18:21.090 [main] DEBUG org.springframework.core.io.support.PathMatchingResourcePatternResolver - Looking for matching resources in jar file [file:/home/felipe/.m2/repository/com/netflix/netflix-commons/netflix-infix/0.3.0/netflix-infix-0.3.0.jar]
21:18:21.091 [main] DEBUG org.springframework.core.io.support.PathMatchingResourcePatternResolver - Looking for matching resources in jar file [file:/home/felipe/.m2/repository/com/google/code/gson/gson/2.8.5/gson-2.8.5.jar]
21:18:21.095 [main] DEBUG org.springframework.core.io.support.PathMatchingResourcePatternResolver - Looking for matching resources in jar file [file:/home/felipe/.m2/repository/com/netflix/archaius/archaius-core/0.7.6/archaius-core-0.7.6.jar]
21:18:21.096 [main] DEBUG org.springframework.core.io.support.PathMatchingResourcePatternResolver - Looking for matching resources in jar file [file:/home/felipe/.m2/repository/com/google/guava/guava/16.0/guava-16.0.jar]
21:18:21.103 [main] DEBUG org.springframework.core.io.support.PathMatchingResourcePatternResolver - Looking for matching resources in jar file [file:/home/felipe/.m2/repository/com/netflix/servo/servo-core/0.12.21/servo-core-0.12.21.jar]
21:18:21.104 [main] DEBUG org.springframework.core.io.support.PathMatchingResourcePatternResolver - Looking for matching resources in jar file [file:/home/felipe/.m2/repository/com/sun/jersey/jersey-core/1.19.1/jersey-core-1.19.1.jar]
21:18:21.106 [main] DEBUG org.springframework.core.io.support.PathMatchingResourcePatternResolver - Looking for matching resources in jar file [file:/home/felipe/.m2/repository/com/sun/jersey/jersey-client/1.19.1/jersey-client-1.19.1.jar]
21:18:21.107 [main] DEBUG org.springframework.core.io.support.PathMatchingResourcePatternResolver - Looking for matching resources in jar file [file:/home/felipe/.m2/repository/com/sun/jersey/contribs/jersey-apache-client4/1.19.1/jersey-apache-client4-1.19.1.jar]
21:18:21.107 [main] DEBUG org.springframework.core.io.support.PathMatchingResourcePatternResolver - Looking for matching resources in jar file [file:/home/felipe/.m2/repository/com/google/inject/guice/4.1.0/guice-4.1.0.jar]
21:18:21.109 [main] DEBUG org.springframework.core.io.support.PathMatchingResourcePatternResolver - Looking for matching resources in jar file [file:/home/felipe/.m2/repository/com/github/andrewoma/dexx/dexx-collections/0.2/dexx-collections-0.2.jar]
21:18:21.110 [main] DEBUG org.springframework.core.io.support.PathMatchingResourcePatternResolver - Looking for matching resources in jar file [file:/home/felipe/.m2/repository/com/fasterxml/jackson/core/jackson-annotations/2.9.0/jackson-annotations-2.9.0.jar]
21:18:21.110 [main] DEBUG org.springframework.core.io.support.PathMatchingResourcePatternResolver - Looking for matching resources in jar file [file:/home/felipe/.m2/repository/com/fasterxml/jackson/core/jackson-core/2.9.6/jackson-core-2.9.6.jar]
21:18:21.111 [main] DEBUG org.springframework.core.io.support.PathMatchingResourcePatternResolver - Looking for matching resources in jar file [file:/home/felipe/.m2/repository/com/netflix/eureka/eureka-core/1.9.3/eureka-core-1.9.3.jar]
21:18:21.113 [main] DEBUG org.springframework.core.io.support.PathMatchingResourcePatternResolver - Looking for matching resources in jar file [file:/home/felipe/.m2/repository/org/codehaus/woodstox/woodstox-core-asl/4.4.1/woodstox-core-asl-4.4.1.jar]
21:18:21.114 [main] DEBUG org.springframework.core.io.support.PathMatchingResourcePatternResolver - Looking for matching resources in jar file [file:/home/felipe/.m2/repository/com/netflix/ribbon/ribbon/2.2.5/ribbon-2.2.5.jar]
21:18:21.114 [main] DEBUG org.springframework.core.io.support.PathMatchingResourcePatternResolver - Looking for matching resources in jar file [file:/home/felipe/.m2/repository/com/netflix/ribbon/ribbon-transport/2.2.5/ribbon-transport-2.2.5.jar]
21:18:21.116 [main] DEBUG org.springframework.core.io.support.PathMatchingResourcePatternResolver - Looking for matching resources in jar file [file:/home/felipe/.m2/repository/io/reactivex/rxnetty-contexts/0.4.9/rxnetty-contexts-0.4.9.jar]
21:18:21.116 [main] DEBUG org.springframework.core.io.support.PathMatchingResourcePatternResolver - Looking for matching resources in jar file [file:/home/felipe/.m2/repository/com/netflix/hystrix/hystrix-core/1.5.12/hystrix-core-1.5.12.jar]
21:18:21.118 [main] DEBUG org.springframework.core.io.support.PathMatchingResourcePatternResolver - Looking for matching resources in jar file [file:/home/felipe/.m2/repository/com/netflix/ribbon/ribbon-core/2.2.5/ribbon-core-2.2.5.jar]
21:18:21.120 [main] DEBUG org.springframework.core.io.support.PathMatchingResourcePatternResolver - Looking for matching resources in jar file [file:/home/felipe/.m2/repository/com/netflix/ribbon/ribbon-httpclient/2.2.5/ribbon-httpclient-2.2.5.jar]
21:18:21.123 [main] DEBUG org.springframework.core.io.support.PathMatchingResourcePatternResolver - Looking for matching resources in jar file [file:/home/felipe/.m2/repository/com/netflix/netflix-commons/netflix-commons-util/0.3.0/netflix-commons-util-0.3.0.jar]
21:18:21.124 [main] DEBUG org.springframework.core.io.support.PathMatchingResourcePatternResolver - Looking for matching resources in jar file [file:/home/felipe/.m2/repository/com/netflix/ribbon/ribbon-loadbalancer/2.2.5/ribbon-loadbalancer-2.2.5.jar]
21:18:21.124 [main] DEBUG org.springframework.core.io.support.PathMatchingResourcePatternResolver - Looking for matching resources in jar file [file:/home/felipe/.m2/repository/com/netflix/netflix-commons/netflix-statistics/0.1.1/netflix-statistics-0.1.1.jar]
21:18:21.125 [main] DEBUG org.springframework.core.io.support.PathMatchingResourcePatternResolver - Looking for matching resources in jar file [file:/home/felipe/.m2/repository/com/netflix/ribbon/ribbon-eureka/2.2.5/ribbon-eureka-2.2.5.jar]
21:18:21.125 [main] DEBUG org.springframework.core.io.support.PathMatchingResourcePatternResolver - Looking for matching resources in jar file [file:/home/felipe/.m2/repository/com/thoughtworks/xstream/xstream/1.4.10/xstream-1.4.10.jar]
21:18:21.126 [main] DEBUG org.springframework.core.io.support.PathMatchingResourcePatternResolver - Looking for matching resources in jar file [file:/home/felipe/.m2/repository/org/glassfish/jaxb/jaxb-runtime/2.3.0/jaxb-runtime-2.3.0.jar]
21:18:21.129 [main] DEBUG org.springframework.core.io.support.PathMatchingResourcePatternResolver - Looking for matching resources in jar file [file:/home/felipe/.m2/repository/org/glassfish/jaxb/jaxb-core/2.3.0/jaxb-core-2.3.0.jar]
21:18:21.129 [main] DEBUG org.springframework.core.io.support.PathMatchingResourcePatternResolver - Looking for matching resources in jar file [file:/home/felipe/.m2/repository/org/glassfish/jaxb/txw2/2.3.0/txw2-2.3.0.jar]
21:18:21.130 [main] DEBUG org.springframework.core.io.support.PathMatchingResourcePatternResolver - Looking for matching resources in jar file [file:/home/felipe/.m2/repository/com/sun/istack/istack-commons-runtime/3.0.5/istack-commons-runtime-3.0.5.jar]
21:18:21.130 [main] DEBUG org.springframework.core.io.support.PathMatchingResourcePatternResolver - Looking for matching resources in jar file [file:/home/felipe/.m2/repository/com/sun/xml/fastinfoset/FastInfoset/1.2.13/FastInfoset-1.2.13.jar]
21:18:21.131 [main] DEBUG org.springframework.core.io.support.PathMatchingResourcePatternResolver - Resolved location pattern [classpath*:com/*.class] to resources []
]]></system-out>
  </testcase>
</testsuite>